[2019-09-28T09:26:38.452] [DEBUG] cheese - login => username:admin,password:123456
[2019-09-28T09:26:38.459] [DEBUG] cheese - admin
[2019-09-28T09:26:38.534] [DEBUG] cheese - null
[2019-09-28T09:26:38.535] [DEBUG] cheese - null
[2019-09-28T09:26:55.074] [DEBUG] cheese - login => username:admin,password:123456
[2019-09-28T09:26:55.074] [DEBUG] cheese - admin
[2019-09-28T09:26:55.080] [DEBUG] cheese - null
[2019-09-28T09:26:55.080] [DEBUG] cheese - null
[2019-09-28T09:27:03.308] [DEBUG] cheese - login => username:admin,password:123456
[2019-09-28T09:27:03.308] [DEBUG] cheese - admin
[2019-09-28T09:27:03.311] [DEBUG] cheese - null
[2019-09-28T09:27:03.311] [DEBUG] cheese - null
[2019-09-28T09:27:06.334] [DEBUG] cheese - login => username:admin,password:123456
[2019-09-28T09:27:06.334] [DEBUG] cheese - admin
[2019-09-28T09:27:06.337] [DEBUG] cheese - null
[2019-09-28T09:27:06.338] [DEBUG] cheese - null
[2019-09-28T09:27:22.695] [DEBUG] cheese - login => username:admin,password:123456
[2019-09-28T09:27:22.695] [DEBUG] cheese - admin
[2019-09-28T09:27:22.699] [DEBUG] cheese - null
[2019-09-28T09:27:22.699] [DEBUG] cheese - null
[2019-09-28T09:27:23.674] [DEBUG] cheese - login => username:admin,password:123456
[2019-09-28T09:27:23.674] [DEBUG] cheese - admin
[2019-09-28T09:27:23.676] [DEBUG] cheese - null
[2019-09-28T09:27:23.677] [DEBUG] cheese - null
[2019-09-28T09:27:23.832] [DEBUG] cheese - login => username:admin,password:123456
[2019-09-28T09:27:23.832] [DEBUG] cheese - admin
[2019-09-28T09:27:23.834] [DEBUG] cheese - null
[2019-09-28T09:27:23.834] [DEBUG] cheese - null
[2019-09-28T09:27:24.032] [DEBUG] cheese - login => username:admin,password:123456
[2019-09-28T09:27:24.032] [DEBUG] cheese - admin
[2019-09-28T09:27:24.035] [DEBUG] cheese - null
[2019-09-28T09:27:24.035] [DEBUG] cheese - null
[2019-09-28T09:27:34.880] [DEBUG] cheese - login => username:admin,password:123456
[2019-09-28T09:27:34.880] [DEBUG] cheese - admin
[2019-09-28T09:27:34.884] [DEBUG] cheese - null
[2019-09-28T09:27:34.884] [DEBUG] cheese - null
[2019-09-28T09:27:48.828] [DEBUG] cheese - login => username:admin,password:123456
[2019-09-28T09:27:48.829] [DEBUG] cheese - admin
[2019-09-28T09:27:48.832] [DEBUG] cheese - null
[2019-09-28T09:27:48.832] [DEBUG] cheese - null
[2019-09-28T09:29:36.097] [DEBUG] cheese - login => username:admin,password:123456
[2019-09-28T09:29:36.097] [DEBUG] cheese - admin
[2019-09-28T09:29:36.100] [DEBUG] cheese - null
[2019-09-28T09:29:36.100] [DEBUG] cheese - null
[2019-09-28T09:29:38.907] [DEBUG] cheese - login => username:admin1,password:123456
[2019-09-28T09:29:38.908] [DEBUG] cheese - admin1
[2019-09-28T09:29:38.911] [DEBUG] cheese - null
[2019-09-28T09:29:38.911] [DEBUG] cheese - null
[2019-09-28T09:33:41.771] [DEBUG] cheese - login => username:admin,password:123456
[2019-09-28T09:33:41.771] [DEBUG] cheese - admin
[2019-09-28T09:33:41.773] [DEBUG] cheese - null
[2019-09-28T09:33:41.773] [DEBUG] cheese - null
[2019-09-28T09:34:41.186] [DEBUG] cheese - login => username:admin,password:123456
[2019-09-28T09:34:41.186] [DEBUG] cheese - admin
[2019-09-28T09:34:41.190] [DEBUG] cheese - null
[2019-09-28T09:34:41.190] [DEBUG] cheese - null
[2019-09-28T09:34:49.917] [DEBUG] cheese - login => username:admin1,password:123456
[2019-09-28T09:34:49.917] [DEBUG] cheese - admin1
[2019-09-28T09:34:49.919] [DEBUG] cheese - null
[2019-09-28T09:34:49.919] [DEBUG] cheese - null
[2019-09-28T10:55:26.651] [DEBUG] cheese - login => username:admin,password:123456
[2019-09-28T10:55:26.656] [DEBUG] cheese - admin
[2019-09-28T10:55:26.716] [DEBUG] cheese - null
[2019-09-28T10:55:26.717] [DEBUG] cheese - null
[2019-09-28T10:55:48.925] [DEBUG] cheese - login => username:admin,password:123456
[2019-09-28T10:55:48.925] [DEBUG] cheese - admin
[2019-09-28T10:55:48.930] [DEBUG] cheese - null
[2019-09-28T10:55:48.930] [DEBUG] cheese - null
[2019-09-28T10:56:36.006] [DEBUG] cheese - login => username:admin,password:123456
[2019-09-28T10:56:36.007] [DEBUG] cheese - admin
[2019-09-28T10:56:36.010] [DEBUG] cheese - null
[2019-09-28T10:56:36.010] [DEBUG] cheese - null
[2019-09-28T10:57:40.190] [DEBUG] cheese - login => username:admin,password:123456
[2019-09-28T10:57:40.190] [DEBUG] cheese - admin
[2019-09-28T10:57:40.194] [DEBUG] cheese - null
[2019-09-28T10:57:40.194] [DEBUG] cheese - null
[2019-09-28T11:09:41.849] [DEBUG] cheese - login => username:admin,password:123456
[2019-09-28T11:09:41.849] [DEBUG] cheese - admin
[2019-09-28T11:09:41.852] [DEBUG] cheese - null
[2019-09-28T11:09:41.853] [DEBUG] cheese - null
[2019-09-28T11:09:45.860] [DEBUG] cheese - login => username:admin,password:123456
[2019-09-28T11:09:45.860] [DEBUG] cheese - admin
[2019-09-28T11:09:45.865] [DEBUG] cheese - null
[2019-09-28T11:09:45.865] [DEBUG] cheese - null
[2019-09-28T11:09:46.379] [DEBUG] cheese - login => username:admin,password:123456
[2019-09-28T11:09:46.380] [DEBUG] cheese - admin
[2019-09-28T11:09:46.386] [DEBUG] cheese - null
[2019-09-28T11:09:46.386] [DEBUG] cheese - null
[2019-09-28T11:09:46.598] [DEBUG] cheese - login => username:admin,password:123456
[2019-09-28T11:09:46.598] [DEBUG] cheese - admin
[2019-09-28T11:09:46.600] [DEBUG] cheese - null
[2019-09-28T11:09:46.600] [DEBUG] cheese - null
[2019-09-28T11:09:46.766] [DEBUG] cheese - login => username:admin,password:123456
[2019-09-28T11:09:46.767] [DEBUG] cheese - admin
[2019-09-28T11:09:46.769] [DEBUG] cheese - null
[2019-09-28T11:09:46.769] [DEBUG] cheese - null
[2019-09-28T11:09:46.939] [DEBUG] cheese - login => username:admin,password:123456
[2019-09-28T11:09:46.939] [DEBUG] cheese - admin
[2019-09-28T11:09:46.941] [DEBUG] cheese - null
[2019-09-28T11:09:46.942] [DEBUG] cheese - null
[2019-09-28T11:10:05.434] [DEBUG] cheese - login => username:admin,password:123456
[2019-09-28T11:10:05.434] [DEBUG] cheese - admin
[2019-09-28T11:10:05.438] [DEBUG] cheese - null
[2019-09-28T11:10:05.438] [DEBUG] cheese - null
[2019-09-28T11:10:20.360] [DEBUG] cheese - login => username:admin,password:123456
[2019-09-28T11:10:20.360] [DEBUG] cheese - admin
[2019-09-28T11:10:20.363] [DEBUG] cheese - null
[2019-09-28T11:10:20.363] [DEBUG] cheese - null
[2019-09-28T11:14:31.235] [DEBUG] cheese - login => username:admin,password:123456
[2019-09-28T11:14:31.235] [DEBUG] cheese - admin
[2019-09-28T11:14:31.239] [DEBUG] cheese - null
[2019-09-28T11:14:31.239] [DEBUG] cheese - null
[2019-09-28T11:16:32.415] [DEBUG] cheese - login => username:admin,password:123456
[2019-09-28T11:16:32.415] [DEBUG] cheese - admin
[2019-09-28T11:16:32.419] [DEBUG] cheese - null
[2019-09-28T11:16:32.419] [DEBUG] cheese - null
[2019-09-28T11:21:03.133] [DEBUG] cheese - login => username:admin,password:123456
[2019-09-28T11:21:03.133] [DEBUG] cheese - admin
[2019-09-28T11:21:03.136] [DEBUG] cheese - null
[2019-09-28T11:21:03.137] [DEBUG] cheese - null
[2019-09-28T12:22:14.695] [DEBUG] cheese - login => username:admin,password:123456
[2019-09-28T12:22:14.698] [DEBUG] cheese - admin
[2019-09-28T12:22:14.760] [DEBUG] cheese - null
[2019-09-28T12:22:14.761] [DEBUG] cheese - null
[2019-09-28T14:59:48.357] [DEBUG] cheese - login => username:admin,password:123456
[2019-09-28T14:59:48.357] [DEBUG] cheese - admin
[2019-09-28T14:59:48.361] [DEBUG] cheese - null
[2019-09-28T14:59:48.361] [DEBUG] cheese - null
[2019-09-28T15:01:16.045] [DEBUG] cheese - login => username:admin,password:123456
[2019-09-28T15:01:16.045] [DEBUG] cheese - admin
[2019-09-28T15:01:16.048] [DEBUG] cheese - null
[2019-09-28T15:01:16.048] [DEBUG] cheese - null
[2019-09-28T15:01:25.545] [DEBUG] cheese - login => username:admin,password:123456
[2019-09-28T15:01:25.546] [DEBUG] cheese - admin
[2019-09-28T15:01:25.550] [DEBUG] cheese - null
[2019-09-28T15:01:25.550] [DEBUG] cheese - null
[2019-09-28T19:40:47.575] [DEBUG] cheese - login => username:admin,password:123456
[2019-09-28T19:40:47.579] [DEBUG] cheese - admin
[2019-09-28T19:40:47.650] [DEBUG] cheese - null
[2019-09-28T19:40:47.651] [DEBUG] cheese - null
[2019-09-29T07:27:52.642] [DEBUG] cheese - login => username:admin,password:123456
[2019-09-29T07:27:52.647] [DEBUG] cheese - admin
[2019-09-29T07:27:52.732] [DEBUG] cheese - null
[2019-09-29T07:27:52.733] [DEBUG] cheese - null
[2019-09-29T07:29:22.691] [DEBUG] cheese - login => username:admin,password:123456
[2019-09-29T07:29:22.692] [DEBUG] cheese - admin
[2019-09-29T07:29:22.696] [DEBUG] cheese - null
[2019-09-29T07:29:22.696] [DEBUG] cheese - null
[2019-09-29T07:30:19.590] [DEBUG] cheese - login => username:admin,password:123456
[2019-09-29T07:30:19.590] [DEBUG] cheese - admin
[2019-09-29T07:30:19.592] [DEBUG] cheese - null
[2019-09-29T07:30:19.592] [DEBUG] cheese - null
[2019-09-29T07:30:27.239] [DEBUG] cheese - login => username:admin,password:123456
[2019-09-29T07:30:27.239] [DEBUG] cheese - admin
[2019-09-29T07:30:27.243] [DEBUG] cheese - null
[2019-09-29T07:30:27.243] [DEBUG] cheese - null
[2019-09-29T07:34:01.489] [DEBUG] cheese - login => username:admin,password:123456
[2019-09-29T07:34:01.490] [DEBUG] cheese - admin
[2019-09-29T07:34:01.492] [DEBUG] cheese - null
[2019-09-29T07:34:01.493] [DEBUG] cheese - null
[2019-09-29T07:34:18.491] [DEBUG] cheese - login => username:admin,password:123456
[2019-09-29T07:34:18.491] [DEBUG] cheese - admin
[2019-09-29T07:34:18.493] [DEBUG] cheese - null
[2019-09-29T07:34:18.494] [DEBUG] cheese - null
[2019-09-29T15:25:33.453] [DEBUG] cheese - login => username:admin,password:123456
[2019-09-29T15:25:33.458] [DEBUG] cheese - admin
[2019-09-29T15:25:33.537] [DEBUG] cheese - null
[2019-09-29T15:25:33.538] [DEBUG] cheese - null
[2019-09-29T15:43:22.263] [DEBUG] cheese - login => username:admin,password:123456
[2019-09-29T15:43:22.263] [DEBUG] cheese - admin
[2019-09-29T15:43:22.267] [DEBUG] cheese - null
[2019-09-29T15:43:22.267] [DEBUG] cheese - null
[2019-09-29T15:44:13.144] [DEBUG] cheese - login => username:admin,password:123456
[2019-09-29T15:44:13.144] [DEBUG] cheese - admin
[2019-09-29T15:44:13.146] [DEBUG] cheese - null
[2019-09-29T15:44:13.146] [DEBUG] cheese - null
[2019-09-30T09:23:56.099] [DEBUG] cheese - login => username:admin,password:123456
[2019-09-30T09:23:56.102] [DEBUG] cheese - admin
[2019-09-30T09:23:56.190] [DEBUG] cheese - null
[2019-09-30T09:23:56.191] [DEBUG] cheese - null
[2019-09-30T13:54:05.565] [DEBUG] cheese - login => username:admin,password:123456
[2019-09-30T13:54:05.570] [DEBUG] cheese - admin
[2019-09-30T13:54:05.641] [DEBUG] cheese - null
[2019-09-30T13:54:05.641] [DEBUG] cheese - null
[2019-09-30T13:59:21.756] [DEBUG] cheese - login => username:admin,password:123456
[2019-09-30T13:59:21.756] [DEBUG] cheese - admin
[2019-09-30T13:59:21.761] [DEBUG] cheese - null
[2019-09-30T13:59:21.761] [DEBUG] cheese - null
[2019-09-30T14:14:18.308] [DEBUG] cheese - login => username:admin,password:123456
[2019-09-30T14:14:18.308] [DEBUG] cheese - admin
[2019-09-30T14:14:18.310] [DEBUG] cheese - null
[2019-09-30T14:14:18.310] [DEBUG] cheese - null
[2019-09-30T21:56:38.840] [DEBUG] cheese - login => username:admin,password:123456
[2019-09-30T21:56:38.844] [DEBUG] cheese - admin
[2019-09-30T21:56:38.904] [DEBUG] cheese - null
[2019-09-30T21:56:38.905] [DEBUG] cheese - null
[2019-09-30T22:11:46.039] [DEBUG] cheese - login => username:admin,password:123456
[2019-09-30T22:11:46.039] [DEBUG] cheese - admin
[2019-09-30T22:11:46.042] [DEBUG] cheese - null
[2019-09-30T22:11:46.042] [DEBUG] cheese - null
[2019-10-07T07:43:26.956] [DEBUG] cheese - login => username:admin,password:123456
[2019-10-07T07:43:26.959] [DEBUG] cheese - admin
[2019-10-07T07:43:27.003] [DEBUG] cheese - null
[2019-10-07T07:43:27.003] [DEBUG] cheese - null
[2019-10-07T19:17:02.413] [DEBUG] cheese - login => username:admin,password:123456
[2019-10-07T19:17:02.416] [DEBUG] cheese - admin
[2019-10-07T19:17:02.467] [DEBUG] cheese - null
[2019-10-07T19:17:02.467] [DEBUG] cheese - null
[2019-10-07T22:27:43.582] [DEBUG] cheese - login => username:admin,password:123456
[2019-10-07T22:27:43.587] [DEBUG] cheese - admin
[2019-10-07T22:27:43.635] [DEBUG] cheese - null
[2019-10-07T22:27:43.635] [DEBUG] cheese - null
[2019-10-08T07:20:08.424] [DEBUG] cheese - login => username:admin,password:123456
[2019-10-08T07:20:08.430] [DEBUG] cheese - admin
[2019-10-08T07:20:08.517] [DEBUG] cheese - null
[2019-10-08T07:20:08.518] [DEBUG] cheese - null
[2019-10-08T19:26:32.171] [DEBUG] cheese - login => username:admin,password:123456
[2019-10-08T19:26:32.176] [DEBUG] cheese - admin
[2019-10-08T19:26:32.246] [DEBUG] cheese - null
[2019-10-08T19:26:32.247] [DEBUG] cheese - null
[2019-10-08T19:30:03.423] [DEBUG] cheese - null
[2019-10-08T19:30:35.759] [DEBUG] cheese - null
[2019-10-09T19:10:08.118] [DEBUG] cheese - login => username:admin,password:123456
[2019-10-09T19:10:08.124] [DEBUG] cheese - admin
[2019-10-09T19:10:08.170] [DEBUG] cheese - null
[2019-10-09T19:10:08.171] [DEBUG] cheese - null
[2019-10-10T07:07:15.485] [DEBUG] cheese - login => username:admin,password:123456
[2019-10-10T07:07:15.490] [DEBUG] cheese - admin
[2019-10-10T07:07:15.549] [DEBUG] cheese - null
[2019-10-10T07:07:15.550] [DEBUG] cheese - null
[2019-10-10T19:49:26.253] [DEBUG] cheese - login => username:admin,password:123456
[2019-10-10T19:49:26.257] [DEBUG] cheese - admin
[2019-10-10T19:49:26.310] [DEBUG] cheese - null
[2019-10-10T19:49:26.311] [DEBUG] cheese - null
[2019-10-10T20:16:59.476] [DEBUG] cheese - login => username:admin,password:123456
[2019-10-10T20:16:59.476] [DEBUG] cheese - admin
[2019-10-10T20:16:59.479] [DEBUG] cheese - null
[2019-10-10T20:16:59.479] [DEBUG] cheese - null
[2019-10-10T20:56:03.396] [DEBUG] cheese - login => username:admin,password:123456
[2019-10-10T20:56:03.396] [DEBUG] cheese - admin
[2019-10-10T20:56:03.400] [DEBUG] cheese - null
[2019-10-10T20:56:03.400] [DEBUG] cheese - null
[2019-10-10T21:20:55.847] [DEBUG] cheese - login => username:admin,password:123456
[2019-10-10T21:20:55.847] [DEBUG] cheese - admin
[2019-10-10T21:20:55.851] [DEBUG] cheese - null
[2019-10-10T21:20:55.851] [DEBUG] cheese - null
[2019-10-11T08:00:30.082] [DEBUG] cheese - login => username:admin,password:123456
[2019-10-11T08:00:30.087] [DEBUG] cheese - admin
[2019-10-11T08:00:30.148] [DEBUG] cheese - null
[2019-10-11T08:00:30.149] [DEBUG] cheese - null
[2019-10-11T20:54:08.588] [DEBUG] cheese - login => username:admin,password:123456
[2019-10-11T20:54:08.592] [DEBUG] cheese - admin
[2019-10-11T20:54:08.644] [DEBUG] cheese - null
[2019-10-11T20:54:08.645] [DEBUG] cheese - null
[2019-10-12T07:26:59.979] [DEBUG] cheese - login => username:admin,password:123456
[2019-10-12T07:26:59.982] [DEBUG] cheese - admin
[2019-10-12T07:27:00.059] [DEBUG] cheese - null
[2019-10-12T07:27:00.060] [DEBUG] cheese - null
[2019-10-12T18:01:38.753] [DEBUG] cheese - login => username:admin,password:123456
[2019-10-12T18:01:38.758] [DEBUG] cheese - admin
[2019-10-12T18:01:38.818] [DEBUG] cheese - null
[2019-10-12T18:01:38.820] [DEBUG] cheese - null
[2019-10-12T21:13:07.020] [DEBUG] cheese - login => username:admin,password:123456
[2019-10-12T21:13:07.026] [DEBUG] cheese - admin
[2019-10-12T21:13:07.073] [DEBUG] cheese - null
[2019-10-12T21:13:07.074] [DEBUG] cheese - null
[2019-10-13T09:00:18.488] [DEBUG] cheese - login => username:admin,password:123456
[2019-10-13T09:00:18.493] [DEBUG] cheese - admin
[2019-10-13T09:00:18.550] [DEBUG] cheese - null
[2019-10-13T09:00:18.551] [DEBUG] cheese - null
[2019-10-14T21:38:58.157] [DEBUG] cheese - login => username:admin,password:123456
[2019-10-14T21:38:58.159] [DEBUG] cheese - admin
[2019-10-14T21:38:58.203] [DEBUG] cheese - null
[2019-10-14T21:38:58.204] [DEBUG] cheese - null
[2019-10-14T22:05:26.576] [DEBUG] cheese - null
[2019-10-16T09:19:06.168] [DEBUG] cheese - login => username:admin,password:123456
[2019-10-16T09:19:06.174] [DEBUG] cheese - admin
[2019-10-16T09:19:06.223] [DEBUG] cheese - null
[2019-10-16T09:19:06.224] [DEBUG] cheese - null
[2019-10-16T09:57:12.683] [DEBUG] cheese - login => username:admin,password:123456
[2019-10-16T09:57:12.684] [DEBUG] cheese - admin
[2019-10-16T09:57:12.686] [DEBUG] cheese - null
[2019-10-16T09:57:12.686] [DEBUG] cheese - null
[2019-10-16T10:40:13.196] [DEBUG] cheese - login => username:admin,password:123456
[2019-10-16T10:40:13.196] [DEBUG] cheese - admin
[2019-10-16T10:40:13.199] [DEBUG] cheese - null
[2019-10-16T10:40:13.199] [DEBUG] cheese - null
[2019-10-16T12:52:01.780] [DEBUG] cheese - login => username:admin,password:123456
[2019-10-16T12:52:01.780] [DEBUG] cheese - admin
[2019-10-16T12:52:01.791] [DEBUG] cheese - null
[2019-10-16T12:52:01.791] [DEBUG] cheese - null
[2019-10-16T13:05:38.364] [DEBUG] cheese - login => username:admin,password:123456
[2019-10-16T13:05:38.365] [DEBUG] cheese - admin
[2019-10-16T13:05:38.367] [DEBUG] cheese - null
[2019-10-16T13:05:38.367] [DEBUG] cheese - null
[2019-10-24T20:09:29.868] [DEBUG] cheese - login => username:admin,password:123456
[2019-10-24T20:09:29.870] [DEBUG] cheese - admin
[2019-10-24T20:09:29.909] [DEBUG] cheese - null
[2019-10-24T20:09:29.910] [DEBUG] cheese - null
[2019-11-02T21:17:06.468] [DEBUG] cheese - login => username:admin,password:123456
[2019-11-02T21:17:06.469] [DEBUG] cheese - admin
[2019-11-02T21:17:06.679] [DEBUG] cheese - null
[2019-11-02T21:17:06.680] [DEBUG] cheese - null
[2019-11-02T21:30:33.579] [DEBUG] cheese - login => username:res,password:123456
[2019-11-02T21:30:33.579] [DEBUG] cheese - res
[2019-11-02T21:30:33.583] [DEBUG] cheese - null
[2019-11-02T21:30:33.583] [DEBUG] cheese - null
[2019-11-02T21:30:38.876] [DEBUG] cheese - login => username:resqweq,password:123456qweqe
[2019-11-02T21:30:38.876] [DEBUG] cheese - resqweq
[2019-11-02T21:30:38.882] [DEBUG] cheese - null
[2019-11-02T21:30:38.882] [DEBUG] cheese - null
[2019-11-02T21:30:48.612] [DEBUG] cheese - login => username:resqwe,password:123456qwe
[2019-11-02T21:30:48.612] [DEBUG] cheese - resqwe
[2019-11-02T21:30:48.618] [DEBUG] cheese - null
[2019-11-02T21:30:48.618] [DEBUG] cheese - null
[2019-11-02T21:30:56.896] [DEBUG] cheese - login => username:admin,password:123456
[2019-11-02T21:30:56.896] [DEBUG] cheese - admin
[2019-11-02T21:30:56.903] [DEBUG] cheese - null
[2019-11-02T21:30:56.903] [DEBUG] cheese - null
[2019-11-02T21:50:22.840] [DEBUG] cheese - login => username:resqwe,password:123456qeqeq
[2019-11-02T21:50:22.840] [DEBUG] cheese - resqwe
[2019-11-02T21:50:22.897] [DEBUG] cheese - null
[2019-11-02T21:50:22.898] [DEBUG] cheese - null
[2019-11-03T08:37:12.575] [DEBUG] cheese - login => username:admin,password:123456
[2019-11-03T08:37:12.577] [DEBUG] cheese - admin
[2019-11-03T08:37:12.646] [DEBUG] cheese - null
[2019-11-03T08:37:12.646] [DEBUG] cheese - null
[2019-11-03T08:38:34.835] [DEBUG] cheese - login => username:res,password:123456
[2019-11-03T08:38:34.835] [DEBUG] cheese - res
[2019-11-03T08:38:34.935] [DEBUG] cheese - null
[2019-11-03T08:38:34.935] [DEBUG] cheese - null
[2019-11-03T09:36:58.693] [DEBUG] cheese - login => username:resqw,password:123456qweqw
[2019-11-03T09:36:58.694] [DEBUG] cheese - resqw
[2019-11-03T09:36:58.704] [DEBUG] cheese - null
[2019-11-03T09:36:58.704] [DEBUG] cheese - null
[2019-11-03T09:37:11.029] [DEBUG] cheese - login => username:admin,password:123456
[2019-11-03T09:37:11.029] [DEBUG] cheese - admin
[2019-11-03T09:37:11.032] [DEBUG] cheese - null
[2019-11-03T09:37:11.032] [DEBUG] cheese - null
[2019-11-03T09:37:46.262] [DEBUG] cheese - login => username:admin,password:123456
[2019-11-03T09:37:46.262] [DEBUG] cheese - admin
[2019-11-03T09:37:46.265] [DEBUG] cheese - null
[2019-11-03T09:37:46.265] [DEBUG] cheese - null
[2019-11-03T09:53:40.864] [DEBUG] cheese - login => username:admin,password:123456
[2019-11-03T09:53:40.864] [DEBUG] cheese - admin
[2019-11-03T09:53:40.867] [DEBUG] cheese - null
[2019-11-03T09:53:40.867] [DEBUG] cheese - null
[2019-11-03T10:29:20.968] [DEBUG] cheese - login => username:admin,password:123456
[2019-11-03T10:29:20.968] [DEBUG] cheese - admin
[2019-11-03T10:29:20.970] [DEBUG] cheese - null
[2019-11-03T10:29:20.970] [DEBUG] cheese - null
[2019-11-03T10:38:23.215] [DEBUG] cheese - login => username:admin,password:123456
[2019-11-03T10:38:23.215] [DEBUG] cheese - admin
[2019-11-03T10:38:23.218] [DEBUG] cheese - null
[2019-11-03T10:38:23.218] [DEBUG] cheese - null
[2019-11-03T10:38:28.196] [DEBUG] cheese - login => username:admin,password:123456
[2019-11-03T10:38:28.196] [DEBUG] cheese - admin
[2019-11-03T10:38:28.199] [DEBUG] cheese - null
[2019-11-03T10:38:28.199] [DEBUG] cheese - null
[2019-11-03T15:11:03.474] [DEBUG] cheese - login => username:admin,password:123456
[2019-11-03T15:11:03.475] [DEBUG] cheese - admin
[2019-11-03T15:11:03.482] [DEBUG] cheese - null
[2019-11-03T15:11:03.482] [DEBUG] cheese - null
[2019-11-03T15:56:52.172] [DEBUG] cheese - login => username:admin,password:123456
[2019-11-03T15:56:52.172] [DEBUG] cheese - admin
[2019-11-03T15:56:52.180] [DEBUG] cheese - null
[2019-11-03T15:56:52.180] [DEBUG] cheese - null
[2019-11-03T20:44:27.041] [DEBUG] cheese - login => username:admin,password:123456
[2019-11-03T20:44:27.043] [DEBUG] cheese - admin
[2019-11-03T20:44:27.052] [DEBUG] cheese - null
[2019-11-03T20:44:27.052] [DEBUG] cheese - null
[2019-11-03T21:27:12.982] [DEBUG] cheese - login => username:admin,password:123456
[2019-11-03T21:27:12.983] [DEBUG] cheese - admin
[2019-11-03T21:27:12.989] [DEBUG] cheese - null
[2019-11-03T21:27:12.989] [DEBUG] cheese - null
[2019-11-05T10:17:36.096] [DEBUG] cheese - login => username:admin,password:123456
[2019-11-05T10:17:36.099] [DEBUG] cheese - admin
[2019-11-05T10:17:36.339] [DEBUG] cheese - null
[2019-11-05T10:17:36.340] [DEBUG] cheese - null
[2019-11-05T10:18:33.020] [DEBUG] cheese - login => username:adminqwe,password:123456
[2019-11-05T10:18:33.020] [DEBUG] cheese - adminqwe
[2019-11-05T10:18:33.025] [DEBUG] cheese - null
[2019-11-05T10:18:33.025] [DEBUG] cheese - null
[2019-11-05T10:18:38.662] [DEBUG] cheese - login => username:admin,password:123456
[2019-11-05T10:18:38.662] [DEBUG] cheese - admin
[2019-11-05T10:18:38.670] [DEBUG] cheese - null
[2019-11-05T10:18:38.670] [DEBUG] cheese - null
[2019-11-05T11:51:37.276] [DEBUG] cheese - login => username:admin,password:123456
[2019-11-05T11:51:37.277] [DEBUG] cheese - admin
[2019-11-05T11:51:37.280] [DEBUG] cheese - null
[2019-11-05T11:51:37.280] [DEBUG] cheese - null
[2019-11-05T11:58:34.066] [DEBUG] cheese - login => username:admin,password:123456
[2019-11-05T11:58:34.066] [DEBUG] cheese - admin
[2019-11-05T11:58:34.069] [DEBUG] cheese - null
[2019-11-05T11:58:34.069] [DEBUG] cheese - null
[2019-11-05T14:13:04.327] [DEBUG] cheese - login => username:admin,password:123456
[2019-11-05T14:13:04.328] [DEBUG] cheese - admin
[2019-11-05T14:13:04.335] [DEBUG] cheese - null
[2019-11-05T14:13:04.335] [DEBUG] cheese - null
[2019-11-05T14:39:39.311] [DEBUG] cheese - login => username:admin,password:123456
[2019-11-05T14:39:39.312] [DEBUG] cheese - admin
[2019-11-05T14:39:39.315] [DEBUG] cheese - null
[2019-11-05T14:39:39.315] [DEBUG] cheese - null
[2019-11-05T14:43:13.316] [DEBUG] cheese - login => username:admin,password:123456
[2019-11-05T14:43:13.316] [DEBUG] cheese - admin
[2019-11-05T14:43:13.318] [DEBUG] cheese - null
[2019-11-05T14:43:13.318] [DEBUG] cheese - null
[2019-11-05T14:43:56.826] [DEBUG] cheese - login => username:admin,password:123456
[2019-11-05T14:43:56.826] [DEBUG] cheese - admin
[2019-11-05T14:43:56.828] [DEBUG] cheese - null
[2019-11-05T14:43:56.828] [DEBUG] cheese - null
[2019-11-05T15:31:06.921] [DEBUG] cheese - login => username:admin,password:123456
[2019-11-05T15:31:06.922] [DEBUG] cheese - admin
[2019-11-05T15:31:06.928] [DEBUG] cheese - null
[2019-11-05T15:31:06.928] [DEBUG] cheese - null
[2019-11-05T18:21:58.684] [DEBUG] cheese - login => username:admin,password:123456
[2019-11-05T18:21:58.686] [DEBUG] cheese - admin
[2019-11-05T18:21:58.693] [DEBUG] cheese - null
[2019-11-05T18:21:58.693] [DEBUG] cheese - null
[2019-11-05T21:42:28.510] [DEBUG] cheese - login => username:admin,password:123456
[2019-11-05T21:42:28.512] [DEBUG] cheese - admin
[2019-11-05T21:42:28.518] [DEBUG] cheese - null
[2019-11-05T21:42:28.518] [DEBUG] cheese - null
[2019-11-06T08:37:40.178] [DEBUG] cheese - login => username:admin,password:123456
[2019-11-06T08:37:40.180] [DEBUG] cheese - admin
[2019-11-06T08:37:40.270] [DEBUG] cheese - null
[2019-11-06T08:37:40.270] [DEBUG] cheese - null
[2019-11-06T15:36:16.273] [DEBUG] cheese - null
[2019-11-06T15:36:20.601] [DEBUG] cheese - null
[2019-11-06T15:37:14.398] [DEBUG] cheese - null
[2019-11-06T15:38:30.345] [DEBUG] cheese - null
[2019-11-06T15:38:33.073] [DEBUG] cheese - null
[2019-11-06T20:58:20.924] [DEBUG] cheese - null
[2019-11-08T08:48:35.819] [DEBUG] cheese - login => username:admin,password:123456
[2019-11-08T08:48:35.819] [DEBUG] cheese - admin
[2019-11-08T08:48:35.967] [DEBUG] cheese - null
[2019-11-08T08:48:35.967] [DEBUG] cheese - null
[2019-11-08T09:21:31.377] [DEBUG] cheese - login => username:admin,password:123456
[2019-11-08T09:21:31.378] [DEBUG] cheese - admin
[2019-11-08T09:21:31.382] [DEBUG] cheese - null
[2019-11-08T09:21:31.382] [DEBUG] cheese - null
[2019-11-08T09:22:40.916] [DEBUG] cheese - login => username:admin,password:123456
[2019-11-08T09:22:40.916] [DEBUG] cheese - admin
[2019-11-08T09:22:40.919] [DEBUG] cheese - null
[2019-11-08T09:22:40.919] [DEBUG] cheese - null
[2019-11-08T09:54:35.907] [DEBUG] cheese - login => username:admin,password:123456
[2019-11-08T09:54:35.907] [DEBUG] cheese - admin
[2019-11-08T09:54:35.911] [DEBUG] cheese - null
[2019-11-08T09:54:35.911] [DEBUG] cheese - null
[2019-11-08T10:09:56.982] [DEBUG] cheese - login => username:admin,password:123456
[2019-11-08T10:09:56.982] [DEBUG] cheese - admin
[2019-11-08T10:09:56.984] [DEBUG] cheese - null
[2019-11-08T10:09:56.984] [DEBUG] cheese - null
[2019-11-08T11:21:01.161] [DEBUG] cheese - login => username:admin,password:123456
[2019-11-08T11:21:01.163] [DEBUG] cheese - admin
[2019-11-08T11:21:01.175] [DEBUG] cheese - null
[2019-11-08T11:21:01.176] [DEBUG] cheese - null
[2019-11-08T15:28:28.596] [DEBUG] cheese - login => username:admin,password:123456
[2019-11-08T15:28:28.598] [DEBUG] cheese - admin
[2019-11-08T15:28:28.719] [DEBUG] cheese - null
[2019-11-08T15:28:28.719] [DEBUG] cheese - null
[2019-11-08T15:32:18.792] [DEBUG] cheese - login => username:admin,password:123456
[2019-11-08T15:32:18.793] [DEBUG] cheese - admin
[2019-11-08T15:32:18.798] [DEBUG] cheese - null
[2019-11-08T15:32:18.799] [DEBUG] cheese - null
[2019-11-08T22:35:51.415] [DEBUG] cheese - login => username:admin,password:123456
[2019-11-08T22:35:51.417] [DEBUG] cheese - admin
[2019-11-08T22:35:51.422] [DEBUG] cheese - null
[2019-11-08T22:35:51.423] [DEBUG] cheese - null
[2019-11-09T08:33:20.445] [DEBUG] cheese - login => username:admin,password:123456
[2019-11-09T08:33:20.447] [DEBUG] cheese - admin
[2019-11-09T08:33:20.564] [DEBUG] cheese - null
[2019-11-09T08:33:20.565] [DEBUG] cheese - null
[2019-11-09T16:04:00.528] [DEBUG] cheese - login => username:admin,password:123456
[2019-11-09T16:04:00.532] [DEBUG] cheese - admin
[2019-11-09T16:04:00.537] [DEBUG] cheese - null
[2019-11-09T16:04:00.537] [DEBUG] cheese - null
[2019-11-09T20:55:01.870] [DEBUG] cheese - login => username:admin,password:123456
[2019-11-09T20:55:01.872] [DEBUG] cheese - admin
[2019-11-09T20:55:01.877] [DEBUG] cheese - null
[2019-11-09T20:55:01.877] [DEBUG] cheese - null
[2019-11-09T21:19:23.877] [DEBUG] cheese - login => username:admin,password:123456
[2019-11-09T21:19:23.878] [DEBUG] cheese - admin
[2019-11-09T21:19:23.890] [DEBUG] cheese - null
[2019-11-09T21:19:23.890] [DEBUG] cheese - null
[2019-11-10T10:05:47.422] [DEBUG] cheese - login => username:admin,password:123456
[2019-11-10T10:05:47.424] [DEBUG] cheese - admin
[2019-11-10T10:05:47.498] [DEBUG] cheese - null
[2019-11-10T10:05:47.498] [DEBUG] cheese - null
[2019-11-11T09:05:40.881] [DEBUG] cheese - login => username:admin,password:123456
[2019-11-11T09:05:40.882] [DEBUG] cheese - admin
[2019-11-11T09:05:40.933] [DEBUG] cheese - null
[2019-11-11T09:05:40.933] [DEBUG] cheese - null
[2019-11-11T14:30:31.691] [DEBUG] cheese - login => username:admin,password:123456
[2019-11-11T14:30:31.692] [DEBUG] cheese - admin
[2019-11-11T14:30:31.694] [DEBUG] cheese - login => username:admin,password:123456
[2019-11-11T14:30:31.694] [DEBUG] cheese - admin
[2019-11-11T14:30:31.696] [DEBUG] cheese - login => username:admin,password:123456
[2019-11-11T14:30:31.696] [DEBUG] cheese - admin
[2019-11-11T14:30:31.698] [DEBUG] cheese - login => username:admin,password:123456
[2019-11-11T14:30:31.698] [DEBUG] cheese - admin
[2019-11-11T14:30:31.705] [DEBUG] cheese - null
[2019-11-11T14:30:31.706] [DEBUG] cheese - null
[2019-11-11T14:30:31.836] [DEBUG] cheese - null
[2019-11-11T14:30:31.836] [DEBUG] cheese - null
[2019-11-11T14:30:31.952] [DEBUG] cheese - null
[2019-11-11T14:30:31.952] [DEBUG] cheese - null
[2019-11-11T14:30:32.039] [DEBUG] cheese - null
[2019-11-11T14:30:32.039] [DEBUG] cheese - null
[2019-11-11T16:00:05.349] [DEBUG] cheese - null
[2019-11-11T21:43:24.674] [DEBUG] cheese - login => username:admin,password:123456
[2019-11-11T21:43:24.676] [DEBUG] cheese - admin
[2019-11-11T21:43:24.683] [DEBUG] cheese - null
[2019-11-11T21:43:24.684] [DEBUG] cheese - null
[2019-11-11T21:44:00.183] [DEBUG] cheese - login => username:admin,password:123456
[2019-11-11T21:44:00.184] [DEBUG] cheese - admin
[2019-11-11T21:44:00.187] [DEBUG] cheese - null
[2019-11-11T21:44:00.187] [DEBUG] cheese - null
[2019-11-12T09:59:44.418] [DEBUG] cheese - login => username:admin,password:123456
[2019-11-12T09:59:44.422] [DEBUG] cheese - admin
[2019-11-12T09:59:44.450] [DEBUG] cheese - login => username:admin,password:123456
[2019-11-12T09:59:44.450] [DEBUG] cheese - admin
[2019-11-12T09:59:44.460] [DEBUG] cheese - login => username:admin,password:123456
[2019-11-12T09:59:44.461] [DEBUG] cheese - admin
[2019-11-12T09:59:44.464] [DEBUG] cheese - login => username:admin,password:123456
[2019-11-12T09:59:44.464] [DEBUG] cheese - admin
[2019-11-12T09:59:44.466] [DEBUG] cheese - login => username:admin,password:123456
[2019-11-12T09:59:44.466] [DEBUG] cheese - admin
[2019-11-12T09:59:44.468] [DEBUG] cheese - login => username:admin,password:123456
[2019-11-12T09:59:44.469] [DEBUG] cheese - admin
[2019-11-12T09:59:44.681] [DEBUG] cheese - null
[2019-11-12T09:59:44.681] [DEBUG] cheese - null
[2019-11-12T09:59:44.799] [DEBUG] cheese - null
[2019-11-12T09:59:44.800] [DEBUG] cheese - null
[2019-11-12T09:59:44.953] [DEBUG] cheese - null
[2019-11-12T09:59:44.953] [DEBUG] cheese - null
[2019-11-12T09:59:45.082] [DEBUG] cheese - null
[2019-11-12T09:59:45.083] [DEBUG] cheese - null
[2019-11-12T09:59:45.219] [DEBUG] cheese - null
[2019-11-12T09:59:45.220] [DEBUG] cheese - null
[2019-11-12T09:59:45.340] [DEBUG] cheese - null
[2019-11-12T09:59:45.340] [DEBUG] cheese - null
[2019-11-12T09:59:45.442] [DEBUG] cheese - login => username:admin,password:123456
[2019-11-12T09:59:45.442] [DEBUG] cheese - admin
[2019-11-12T09:59:45.445] [DEBUG] cheese - login => username:admin,password:123456
[2019-11-12T09:59:45.445] [DEBUG] cheese - admin
[2019-11-12T09:59:45.467] [DEBUG] cheese - null
[2019-11-12T09:59:45.468] [DEBUG] cheese - null
[2019-11-12T09:59:45.564] [DEBUG] cheese - null
[2019-11-12T09:59:45.564] [DEBUG] cheese - null
[2019-11-12T14:28:41.769] [DEBUG] cheese - login => username:admin,password:123456
[2019-11-12T14:28:41.771] [DEBUG] cheese - admin
[2019-11-12T14:28:41.936] [DEBUG] cheese - null
[2019-11-12T14:28:41.936] [DEBUG] cheese - null
[2019-11-12T14:58:03.380] [DEBUG] cheese - login => username:admin,password:123456
[2019-11-12T14:58:03.382] [DEBUG] cheese - admin
[2019-11-12T14:58:03.390] [DEBUG] cheese - null
[2019-11-12T14:58:03.390] [DEBUG] cheese - null
[2019-11-12T15:19:27.362] [DEBUG] cheese - login => username:admin,password:123456
[2019-11-12T15:19:27.363] [DEBUG] cheese - admin
[2019-11-12T15:19:27.369] [DEBUG] cheese - null
[2019-11-12T15:19:27.369] [DEBUG] cheese - null
[2019-11-12T16:05:21.861] [DEBUG] cheese - login => username:admin,password:123456
[2019-11-12T16:05:21.863] [DEBUG] cheese - admin
[2019-11-12T16:05:21.912] [DEBUG] cheese - null
[2019-11-12T16:05:21.912] [DEBUG] cheese - null
[2019-11-12T16:05:28.974] [DEBUG] cheese - login => username:admin,password:123456
[2019-11-12T16:05:28.974] [DEBUG] cheese - admin
[2019-11-12T16:05:28.992] [DEBUG] cheese - null
[2019-11-12T16:05:28.993] [DEBUG] cheese - null
[2019-11-12T16:05:38.743] [DEBUG] cheese - login => username:admin,password:123456
[2019-11-12T16:05:38.743] [DEBUG] cheese - admin
[2019-11-12T16:05:38.749] [DEBUG] cheese - null
[2019-11-12T16:05:38.749] [DEBUG] cheese - null
[2019-11-12T16:05:40.092] [DEBUG] cheese - login => username:admin,password:123456
[2019-11-12T16:05:40.092] [DEBUG] cheese - admin
[2019-11-12T16:05:40.098] [DEBUG] cheese - null
[2019-11-12T16:05:40.099] [DEBUG] cheese - null
[2019-11-12T16:07:56.608] [DEBUG] cheese - login => username:admin,password:123456
[2019-11-12T16:07:56.608] [DEBUG] cheese - admin
[2019-11-12T16:07:56.614] [DEBUG] cheese - null
[2019-11-12T16:07:56.614] [DEBUG] cheese - null
[2019-11-12T16:08:09.423] [DEBUG] cheese - login => username:admin,password:123456
[2019-11-12T16:08:09.425] [DEBUG] cheese - admin
[2019-11-12T16:08:09.431] [DEBUG] cheese - null
[2019-11-12T16:08:09.431] [DEBUG] cheese - null
[2019-11-12T16:08:34.864] [DEBUG] cheese - login => username:admin,password:123456
[2019-11-12T16:08:34.864] [DEBUG] cheese - admin
[2019-11-12T16:08:34.876] [DEBUG] cheese - null
[2019-11-12T16:08:34.876] [DEBUG] cheese - null
[2019-11-12T16:10:37.334] [DEBUG] cheese - login => username:admin,password:123456
[2019-11-12T16:10:37.334] [DEBUG] cheese - admin
[2019-11-12T16:10:37.348] [DEBUG] cheese - null
[2019-11-12T16:10:37.348] [DEBUG] cheese - null
[2019-11-12T16:14:36.999] [DEBUG] cheese - login => username:admin,password:123456
[2019-11-12T16:14:36.999] [DEBUG] cheese - admin
[2019-11-12T16:14:37.006] [DEBUG] cheese - null
[2019-11-12T16:14:37.007] [DEBUG] cheese - null
[2019-11-12T16:17:45.868] [DEBUG] cheese - login => username:admin,password:123456
[2019-11-12T16:17:45.868] [DEBUG] cheese - admin
[2019-11-12T16:17:45.873] [DEBUG] cheese - null
[2019-11-12T16:17:45.873] [DEBUG] cheese - null
[2019-11-12T16:18:10.524] [DEBUG] cheese - login => username:admin,password:123456
[2019-11-12T16:18:10.525] [DEBUG] cheese - admin
[2019-11-12T16:18:10.537] [DEBUG] cheese - null
[2019-11-12T16:18:10.538] [DEBUG] cheese - null
[2019-11-12T16:30:07.586] [DEBUG] cheese - login => username:admin,password:123456
[2019-11-12T16:30:07.586] [DEBUG] cheese - admin
[2019-11-12T16:30:07.592] [DEBUG] cheese - null
[2019-11-12T16:30:07.592] [DEBUG] cheese - null
[2019-11-12T16:31:09.601] [DEBUG] cheese - login => username:admin,password:123456
[2019-11-12T16:31:09.601] [DEBUG] cheese - admin
[2019-11-12T16:31:09.608] [DEBUG] cheese - null
[2019-11-12T16:31:09.608] [DEBUG] cheese - null
[2019-11-12T16:40:07.649] [DEBUG] cheese - login => username:admin,password:123456
[2019-11-12T16:40:07.649] [DEBUG] cheese - admin
[2019-11-12T16:40:07.655] [DEBUG] cheese - null
[2019-11-12T16:40:07.655] [DEBUG] cheese - null
[2019-11-12T16:40:08.493] [DEBUG] cheese - login => username:admin,password:123456
[2019-11-12T16:40:08.494] [DEBUG] cheese - admin
[2019-11-12T16:40:08.497] [DEBUG] cheese - null
[2019-11-12T16:40:08.498] [DEBUG] cheese - null
[2019-11-12T16:40:08.805] [DEBUG] cheese - login => username:admin,password:123456
[2019-11-12T16:40:08.805] [DEBUG] cheese - admin
[2019-11-12T16:40:08.809] [DEBUG] cheese - null
[2019-11-12T16:40:08.809] [DEBUG] cheese - null
[2019-11-12T16:40:09.018] [DEBUG] cheese - login => username:admin,password:123456
[2019-11-12T16:40:09.019] [DEBUG] cheese - admin
[2019-11-12T16:40:09.022] [DEBUG] cheese - null
[2019-11-12T16:40:09.022] [DEBUG] cheese - null
[2019-11-12T16:40:09.199] [DEBUG] cheese - login => username:admin,password:123456
[2019-11-12T16:40:09.199] [DEBUG] cheese - admin
[2019-11-12T16:40:09.203] [DEBUG] cheese - null
[2019-11-12T16:40:09.204] [DEBUG] cheese - null
[2019-11-12T16:40:09.382] [DEBUG] cheese - login => username:admin,password:123456
[2019-11-12T16:40:09.382] [DEBUG] cheese - admin
[2019-11-12T16:40:09.388] [DEBUG] cheese - null
[2019-11-12T16:40:09.388] [DEBUG] cheese - null
[2019-11-12T16:40:09.567] [DEBUG] cheese - login => username:admin,password:123456
[2019-11-12T16:40:09.567] [DEBUG] cheese - admin
[2019-11-12T16:40:09.571] [DEBUG] cheese - null
[2019-11-12T16:40:09.572] [DEBUG] cheese - null
[2019-11-12T16:40:21.813] [DEBUG] cheese - login => username:admin,password:123456
[2019-11-12T16:40:21.814] [DEBUG] cheese - admin
[2019-11-12T16:40:21.819] [DEBUG] cheese - null
[2019-11-12T16:40:21.819] [DEBUG] cheese - null
[2019-11-12T16:42:33.833] [DEBUG] cheese - login => username:admin,password:123456
[2019-11-12T16:42:33.833] [DEBUG] cheese - admin
[2019-11-12T16:42:33.839] [DEBUG] cheese - null
[2019-11-12T16:42:33.840] [DEBUG] cheese - null
[2019-11-12T16:42:50.722] [DEBUG] cheese - login => username:admin,password:123456
[2019-11-12T16:42:50.723] [DEBUG] cheese - admin
[2019-11-12T16:42:50.728] [DEBUG] cheese - null
[2019-11-12T16:42:50.728] [DEBUG] cheese - null
[2019-11-12T16:43:35.359] [DEBUG] cheese - login => username:admin,password:1234567
[2019-11-12T16:43:35.359] [DEBUG] cheese - admin
[2019-11-12T16:43:35.363] [DEBUG] cheese - null
[2019-11-12T16:43:35.363] [DEBUG] cheese - null
[2019-11-12T16:43:58.435] [DEBUG] cheese - login => username:admin,password:123456
[2019-11-12T16:43:58.435] [DEBUG] cheese - admin
[2019-11-12T16:43:58.439] [DEBUG] cheese - null
[2019-11-12T16:43:58.439] [DEBUG] cheese - null
[2019-11-12T16:44:48.042] [DEBUG] cheese - login => username:admin,password:123456
[2019-11-12T16:44:48.042] [DEBUG] cheese - admin
[2019-11-12T16:44:48.046] [DEBUG] cheese - null
[2019-11-12T16:44:48.046] [DEBUG] cheese - null
[2019-11-12T16:46:32.286] [DEBUG] cheese - login => username:admin,password:1234567
[2019-11-12T16:46:32.286] [DEBUG] cheese - admin
[2019-11-12T16:46:32.293] [DEBUG] cheese - null
[2019-11-12T16:46:32.293] [DEBUG] cheese - null
[2019-11-12T17:48:28.839] [DEBUG] cheese - login => username:admin,password:1234567
[2019-11-12T17:48:28.839] [DEBUG] cheese - admin
[2019-11-12T17:48:28.842] [DEBUG] cheese - null
[2019-11-12T17:48:28.843] [DEBUG] cheese - null
[2019-11-12T17:48:30.967] [DEBUG] cheese - login => username:admin,password:1234567
[2019-11-12T17:48:30.967] [DEBUG] cheese - admin
[2019-11-12T17:48:30.972] [DEBUG] cheese - null
[2019-11-12T17:48:30.972] [DEBUG] cheese - null
[2019-11-12T17:48:31.961] [DEBUG] cheese - login => username:admin,password:1234567
[2019-11-12T17:48:31.961] [DEBUG] cheese - admin
[2019-11-12T17:48:31.963] [DEBUG] cheese - null
[2019-11-12T17:48:31.963] [DEBUG] cheese - null
[2019-11-12T17:48:34.301] [DEBUG] cheese - login => username:admin,password:1234567
[2019-11-12T17:48:34.301] [DEBUG] cheese - admin
[2019-11-12T17:48:34.305] [DEBUG] cheese - null
[2019-11-12T17:48:34.306] [DEBUG] cheese - null
[2019-11-12T17:48:35.902] [DEBUG] cheese - login => username:admin,password:1234567
[2019-11-12T17:48:35.902] [DEBUG] cheese - admin
[2019-11-12T17:48:35.905] [DEBUG] cheese - null
[2019-11-12T17:48:35.905] [DEBUG] cheese - null
[2019-11-12T17:48:36.515] [DEBUG] cheese - login => username:admin,password:1234567
[2019-11-12T17:48:36.515] [DEBUG] cheese - admin
[2019-11-12T17:48:36.519] [DEBUG] cheese - null
[2019-11-12T17:48:36.519] [DEBUG] cheese - null
[2019-11-12T17:48:52.705] [DEBUG] cheese - login => username:admin,password:1234567
[2019-11-12T17:48:52.705] [DEBUG] cheese - admin
[2019-11-12T17:48:52.711] [DEBUG] cheese - null
[2019-11-12T17:48:52.711] [DEBUG] cheese - null
[2019-11-12T17:48:53.245] [DEBUG] cheese - login => username:admin,password:1234567
[2019-11-12T17:48:53.245] [DEBUG] cheese - admin
[2019-11-12T17:48:53.249] [DEBUG] cheese - null
[2019-11-12T17:48:53.249] [DEBUG] cheese - null
[2019-11-12T17:48:53.446] [DEBUG] cheese - login => username:admin,password:1234567
[2019-11-12T17:48:53.446] [DEBUG] cheese - admin
[2019-11-12T17:48:53.449] [DEBUG] cheese - null
[2019-11-12T17:48:53.449] [DEBUG] cheese - null
[2019-11-12T17:48:53.633] [DEBUG] cheese - login => username:admin,password:1234567
[2019-11-12T17:48:53.633] [DEBUG] cheese - admin
[2019-11-12T17:48:53.636] [DEBUG] cheese - null
[2019-11-12T17:48:53.636] [DEBUG] cheese - null
[2019-11-12T17:48:53.831] [DEBUG] cheese - login => username:admin,password:1234567
[2019-11-12T17:48:53.831] [DEBUG] cheese - admin
[2019-11-12T17:48:53.834] [DEBUG] cheese - null
[2019-11-12T17:48:53.835] [DEBUG] cheese - null
[2019-11-12T17:48:54.017] [DEBUG] cheese - login => username:admin,password:1234567
[2019-11-12T17:48:54.017] [DEBUG] cheese - admin
[2019-11-12T17:48:54.022] [DEBUG] cheese - null
[2019-11-12T17:48:54.023] [DEBUG] cheese - null
[2019-11-12T17:48:54.215] [DEBUG] cheese - login => username:admin,password:1234567
[2019-11-12T17:48:54.215] [DEBUG] cheese - admin
[2019-11-12T17:48:54.217] [DEBUG] cheese - null
[2019-11-12T17:48:54.217] [DEBUG] cheese - null
[2019-11-12T17:48:54.408] [DEBUG] cheese - login => username:admin,password:1234567
[2019-11-12T17:48:54.408] [DEBUG] cheese - admin
[2019-11-12T17:48:54.412] [DEBUG] cheese - null
[2019-11-12T17:48:54.412] [DEBUG] cheese - null
[2019-11-12T17:48:54.605] [DEBUG] cheese - login => username:admin,password:1234567
[2019-11-12T17:48:54.605] [DEBUG] cheese - admin
[2019-11-12T17:48:54.609] [DEBUG] cheese - null
[2019-11-12T17:48:54.610] [DEBUG] cheese - null
[2019-11-12T17:48:54.795] [DEBUG] cheese - login => username:admin,password:1234567
[2019-11-12T17:48:54.795] [DEBUG] cheese - admin
[2019-11-12T17:48:54.798] [DEBUG] cheese - null
[2019-11-12T17:48:54.798] [DEBUG] cheese - null
[2019-11-12T17:48:54.983] [DEBUG] cheese - login => username:admin,password:1234567
[2019-11-12T17:48:54.983] [DEBUG] cheese - admin
[2019-11-12T17:48:54.986] [DEBUG] cheese - null
[2019-11-12T17:48:54.986] [DEBUG] cheese - null
[2019-11-12T17:48:55.174] [DEBUG] cheese - login => username:admin,password:1234567
[2019-11-12T17:48:55.174] [DEBUG] cheese - admin
[2019-11-12T17:48:55.178] [DEBUG] cheese - null
[2019-11-12T17:48:55.178] [DEBUG] cheese - null
[2019-11-12T17:48:55.356] [DEBUG] cheese - login => username:admin,password:1234567
[2019-11-12T17:48:55.356] [DEBUG] cheese - admin
[2019-11-12T17:48:55.360] [DEBUG] cheese - null
[2019-11-12T17:48:55.360] [DEBUG] cheese - null
[2019-11-12T17:48:55.537] [DEBUG] cheese - login => username:admin,password:1234567
[2019-11-12T17:48:55.537] [DEBUG] cheese - admin
[2019-11-12T17:48:55.542] [DEBUG] cheese - null
[2019-11-12T17:48:55.542] [DEBUG] cheese - null
[2019-11-12T17:51:14.112] [DEBUG] cheese - login => username:admin,password:1234567
[2019-11-12T17:51:14.112] [DEBUG] cheese - admin
[2019-11-12T17:51:14.116] [DEBUG] cheese - null
[2019-11-12T17:51:14.117] [DEBUG] cheese - null
[2019-11-12T17:52:15.199] [DEBUG] cheese - login => username:admin,password:123456
[2019-11-12T17:52:15.199] [DEBUG] cheese - admin
[2019-11-12T17:52:15.204] [DEBUG] cheese - null
[2019-11-12T17:52:15.204] [DEBUG] cheese - null
[2019-11-12T17:52:32.406] [DEBUG] cheese - login => username:admin,password:1234567
[2019-11-12T17:52:32.407] [DEBUG] cheese - admin
[2019-11-12T17:52:32.411] [DEBUG] cheese - null
[2019-11-12T17:52:32.412] [DEBUG] cheese - null
[2019-11-12T17:53:05.768] [DEBUG] cheese - login => username:admin,password:1234567
[2019-11-12T17:53:05.768] [DEBUG] cheese - admin
[2019-11-12T17:53:05.776] [DEBUG] cheese - null
[2019-11-12T17:53:05.776] [DEBUG] cheese - null
[2019-11-12T17:53:13.964] [DEBUG] cheese - login => username:admin,password:123456
[2019-11-12T17:53:13.964] [DEBUG] cheese - admin
[2019-11-12T17:53:13.969] [DEBUG] cheese - null
[2019-11-12T17:53:13.969] [DEBUG] cheese - null
[2019-11-12T17:55:23.260] [DEBUG] cheese - login => username:admin,password:123456
[2019-11-12T17:55:23.261] [DEBUG] cheese - admin
[2019-11-12T17:55:23.266] [DEBUG] cheese - null
[2019-11-12T17:55:23.266] [DEBUG] cheese - null
[2019-11-12T17:55:43.158] [DEBUG] cheese - login => username:admin,password:123456
[2019-11-12T17:55:43.158] [DEBUG] cheese - admin
[2019-11-12T17:55:43.163] [DEBUG] cheese - null
[2019-11-12T17:55:43.163] [DEBUG] cheese - null
[2019-11-12T17:58:17.933] [DEBUG] cheese - login => username:admin,password:123456
[2019-11-12T17:58:17.933] [DEBUG] cheese - admin
[2019-11-12T17:58:17.939] [DEBUG] cheese - null
[2019-11-12T17:58:17.939] [DEBUG] cheese - null
[2019-11-12T18:02:51.134] [DEBUG] cheese - login => username:admin,password:123456
[2019-11-12T18:02:51.134] [DEBUG] cheese - admin
[2019-11-12T18:02:51.138] [DEBUG] cheese - null
[2019-11-12T18:02:51.138] [DEBUG] cheese - null
[2019-11-12T18:09:29.337] [DEBUG] cheese - login => username:admin,password:123456
[2019-11-12T18:09:29.337] [DEBUG] cheese - admin
[2019-11-12T18:09:29.343] [DEBUG] cheese - null
[2019-11-12T18:09:29.343] [DEBUG] cheese - null
[2019-11-12T18:20:52.630] [DEBUG] cheese - login => username:admin,password:123456
[2019-11-12T18:20:52.632] [DEBUG] cheese - admin
[2019-11-12T18:20:52.639] [DEBUG] cheese - null
[2019-11-12T18:20:52.640] [DEBUG] cheese - null
[2019-11-12T18:26:49.668] [DEBUG] cheese - login => username:admin,password:123456
[2019-11-12T18:26:49.668] [DEBUG] cheese - admin
[2019-11-12T18:26:49.673] [DEBUG] cheese - null
[2019-11-12T18:26:49.673] [DEBUG] cheese - null
[2019-11-12T18:27:50.015] [DEBUG] cheese - login => username:admin,password:123456
[2019-11-12T18:27:50.016] [DEBUG] cheese - admin
[2019-11-12T18:27:50.021] [DEBUG] cheese - null
[2019-11-12T18:27:50.022] [DEBUG] cheese - null
[2019-11-14T09:13:56.582] [DEBUG] cheese - login => username:admin,password:123456
[2019-11-14T09:13:56.585] [DEBUG] cheese - admin
[2019-11-14T09:13:56.654] [DEBUG] cheese - null
[2019-11-14T09:13:56.654] [DEBUG] cheese - null
[2019-11-14T09:23:56.961] [DEBUG] cheese - login => username:admin,password:123456
[2019-11-14T09:23:56.961] [DEBUG] cheese - admin
[2019-11-14T09:23:56.966] [DEBUG] cheese - null
[2019-11-14T09:23:56.966] [DEBUG] cheese - null
[2019-11-14T09:24:42.429] [DEBUG] cheese - login => username:admin,password:123456
[2019-11-14T09:24:42.430] [DEBUG] cheese - admin
[2019-11-14T09:24:42.434] [DEBUG] cheese - null
[2019-11-14T09:24:42.435] [DEBUG] cheese - null
[2019-11-21T20:47:49.257] [DEBUG] cheese - login => username:admin,password:123456
[2019-11-21T20:47:49.260] [DEBUG] cheese - admin
[2019-11-21T20:47:49.679] [DEBUG] cheese - null
[2019-11-21T20:47:49.680] [DEBUG] cheese - null
[2020-01-04T19:29:22.821] [DEBUG] cheese - login => username:admin,password:123456
[2020-01-04T19:29:22.824] [DEBUG] cheese - admin
[2020-01-04T19:29:22.986] [DEBUG] cheese - null
[2020-01-04T19:29:22.987] [DEBUG] cheese - null
[2020-01-04T21:47:45.351] [DEBUG] cheese - login => username:admin,password:123456
[2020-01-04T21:47:45.352] [DEBUG] cheese - admin
[2020-01-04T21:47:45.356] [DEBUG] cheese - null
[2020-01-04T21:47:45.356] [DEBUG] cheese - null
[2020-01-05T20:11:23.056] [DEBUG] cheese - login => username:admin,password:123456
[2020-01-05T20:11:23.057] [DEBUG] cheese - admin
[2020-01-05T20:11:23.384] [DEBUG] cheese - null
[2020-01-05T20:11:23.385] [DEBUG] cheese - null
[2020-01-05T20:14:28.447] [DEBUG] cheese - login => username:admin,password:123456
[2020-01-05T20:14:28.448] [DEBUG] cheese - admin
[2020-01-05T20:14:28.453] [DEBUG] cheese - null
[2020-01-05T20:14:28.454] [DEBUG] cheese - null
[2020-01-13T15:27:31.839] [DEBUG] cheese - login => username:admin,password:123456
[2020-01-13T15:27:31.842] [DEBUG] cheese - admin
[2020-01-13T15:27:32.198] [DEBUG] cheese - null
[2020-01-13T15:27:32.198] [DEBUG] cheese - null
[2020-01-13T15:27:32.651] [DEBUG] cheese - login => username:admin,password:123456
[2020-01-13T15:27:32.651] [DEBUG] cheese - admin
[2020-01-13T15:27:32.659] [DEBUG] cheese - null
[2020-01-13T15:27:32.659] [DEBUG] cheese - null
[2020-01-13T15:27:32.815] [DEBUG] cheese - login => username:admin,password:123456
[2020-01-13T15:27:32.815] [DEBUG] cheese - admin
[2020-01-13T15:27:32.819] [DEBUG] cheese - null
[2020-01-13T15:27:32.819] [DEBUG] cheese - null
[2020-01-13T15:29:01.938] [DEBUG] cheese - login => username:admin,password:123456
[2020-01-13T15:29:01.938] [DEBUG] cheese - admin
[2020-01-13T15:29:01.947] [DEBUG] cheese - null
[2020-01-13T15:29:01.947] [DEBUG] cheese - null
[2020-01-13T15:31:12.226] [DEBUG] cheese - login => username:admin,password:123456
[2020-01-13T15:31:12.226] [DEBUG] cheese - admin
[2020-01-13T15:31:12.230] [DEBUG] cheese - null
[2020-01-13T15:31:12.230] [DEBUG] cheese - null
[2020-01-13T15:34:02.590] [DEBUG] cheese - login => username:admin,password:123456
[2020-01-13T15:34:02.590] [DEBUG] cheese - admin
[2020-01-13T15:34:02.600] [DEBUG] cheese - null
[2020-01-13T15:34:02.600] [DEBUG] cheese - null
[2020-01-13T17:52:28.280] [DEBUG] cheese - login => username:admin,password:123456
[2020-01-13T17:52:28.280] [DEBUG] cheese - admin
[2020-01-13T17:52:28.285] [DEBUG] cheese - null
[2020-01-13T17:52:28.285] [DEBUG] cheese - null
[2020-01-13T18:01:34.621] [DEBUG] cheese - login => username:admin,password:123456
[2020-01-13T18:01:34.621] [DEBUG] cheese - admin
[2020-01-13T18:01:34.627] [DEBUG] cheese - null
[2020-01-13T18:01:34.627] [DEBUG] cheese - null
[2020-01-13T18:04:11.674] [DEBUG] cheese - login => username:admin,password:123456
[2020-01-13T18:04:11.674] [DEBUG] cheese - admin
[2020-01-13T18:04:11.678] [DEBUG] cheese - null
[2020-01-13T18:04:11.678] [DEBUG] cheese - null
[2020-01-14T17:53:47.884] [DEBUG] cheese - login => username:admin,password:123456
[2020-01-14T17:53:47.887] [DEBUG] cheese - admin
[2020-01-14T17:53:47.925] [DEBUG] cheese - null
[2020-01-14T17:53:47.926] [DEBUG] cheese - null
[2020-01-15T11:40:55.532] [DEBUG] cheese - login => username:admin,password:123456
[2020-01-15T11:40:55.534] [DEBUG] cheese - admin
[2020-01-15T11:40:55.665] [DEBUG] cheese - null
[2020-01-15T11:40:55.665] [DEBUG] cheese - null
[2020-01-15T14:10:05.042] [DEBUG] cheese - login => username:admin,password:123456
[2020-01-15T14:10:05.042] [DEBUG] cheese - admin
[2020-01-15T14:10:05.050] [DEBUG] cheese - null
[2020-01-15T14:10:05.050] [DEBUG] cheese - null
[2020-01-15T14:10:26.271] [DEBUG] cheese - login => username:admin,password:123456
[2020-01-15T14:10:26.271] [DEBUG] cheese - admin
[2020-01-15T14:10:26.275] [DEBUG] cheese - null
[2020-01-15T14:10:26.275] [DEBUG] cheese - null
[2020-01-15T14:10:35.748] [DEBUG] cheese - login => username:admin,password:123456
[2020-01-15T14:10:35.748] [DEBUG] cheese - admin
[2020-01-15T14:10:35.754] [DEBUG] cheese - null
[2020-01-15T14:10:35.754] [DEBUG] cheese - null
[2020-01-15T14:23:11.204] [DEBUG] cheese - login => username:admin,password:123456
[2020-01-15T14:23:11.204] [DEBUG] cheese - admin
[2020-01-15T14:23:11.210] [DEBUG] cheese - null
[2020-01-15T14:23:11.210] [DEBUG] cheese - null
[2020-01-15T14:27:58.280] [DEBUG] cheese - login => username:admin,password:123456
[2020-01-15T14:27:58.280] [DEBUG] cheese - admin
[2020-01-15T14:27:58.283] [DEBUG] cheese - null
[2020-01-15T14:27:58.283] [DEBUG] cheese - null
[2020-01-15T14:29:39.973] [DEBUG] cheese - login => username:admin,password:123456
[2020-01-15T14:29:39.973] [DEBUG] cheese - admin
[2020-01-15T14:29:39.979] [DEBUG] cheese - null
[2020-01-15T14:29:39.979] [DEBUG] cheese - null
[2020-01-15T14:30:00.630] [DEBUG] cheese - login => username:admin,password:123456
[2020-01-15T14:30:00.631] [DEBUG] cheese - admin
[2020-01-15T14:30:00.634] [DEBUG] cheese - null
[2020-01-15T14:30:00.634] [DEBUG] cheese - null
[2020-01-15T15:53:12.170] [DEBUG] cheese - login => username:admin,password:123456
[2020-01-15T15:53:12.171] [DEBUG] cheese - admin
[2020-01-15T15:53:12.179] [DEBUG] cheese - null
[2020-01-15T15:53:12.180] [DEBUG] cheese - null
[2020-01-18T11:05:14.380] [DEBUG] cheese - login => username:admin,password:123456
[2020-01-18T11:05:14.381] [DEBUG] cheese - admin
[2020-01-18T11:05:14.469] [DEBUG] cheese - null
[2020-01-18T11:05:14.469] [DEBUG] cheese - null
[2020-01-23T15:42:47.450] [DEBUG] cheese - login => username:admin,password:123456
[2020-01-23T15:42:47.451] [DEBUG] cheese - admin
[2020-01-23T15:42:47.511] [DEBUG] cheese - null
[2020-01-23T15:42:47.511] [DEBUG] cheese - null
[2020-03-08T12:45:45.800] [DEBUG] cheese - login => username:admin,password:123456
[2020-03-08T12:45:45.802] [DEBUG] cheese - admin
[2020-03-08T12:45:46.052] [DEBUG] cheese - null
[2020-03-08T12:45:46.053] [DEBUG] cheese - null
